f:\user_lcj\github\my_workspace\lua_thread_win - 副本\freertos_sim\windos_vs\freertos_sim\debug\vc140.pdb
f:\user_lcj\github\my_workspace\lua_thread_win - 副本\freertos_sim\windos_vs\freertos_sim\debug\vc140.idb
f:\user_lcj\github\my_workspace\lua_thread_win - 副本\freertos_sim\windos_vs\freertos_sim\debug\lvm.obj
f:\user_lcj\github\my_workspace\lua_thread_win - 副本\freertos_sim\windos_vs\freertos_sim\debug\lzio.obj
f:\user_lcj\github\my_workspace\lua_thread_win - 副本\freertos_sim\windos_vs\freertos_sim\debug\lua.obj
f:\user_lcj\github\my_workspace\lua_thread_win - 副本\freertos_sim\windos_vs\freertos_sim\debug\thread.obj
f:\user_lcj\github\my_workspace\lua_thread_win - 副本\freertos_sim\windos_vs\freertos_sim\debug\lua_test.obj
f:\user_lcj\github\my_workspace\lua_thread_win - 副本\freertos_sim\windos_vs\freertos_sim\debug\attr.obj
f:\user_lcj\github\my_workspace\lua_thread_win - 副本\freertos_sim\windos_vs\freertos_sim\debug\cleanup.obj
f:\user_lcj\github\my_workspace\lua_thread_win - 副本\freertos_sim\windos_vs\freertos_sim\debug\cond.obj
f:\user_lcj\github\my_workspace\lua_thread_win - 副本\freertos_sim\windos_vs\freertos_sim\debug\create.obj
f:\user_lcj\github\my_workspace\lua_thread_win - 副本\freertos_sim\windos_vs\freertos_sim\debug\join.obj
f:\user_lcj\github\my_workspace\lua_thread_win - 副本\freertos_sim\windos_vs\freertos_sim\debug\key.obj
f:\user_lcj\github\my_workspace\lua_thread_win - 副本\freertos_sim\windos_vs\freertos_sim\debug\mutex.obj
f:\user_lcj\github\my_workspace\lua_thread_win - 副本\freertos_sim\windos_vs\freertos_sim\debug\once.obj
f:\user_lcj\github\my_workspace\lua_thread_win - 副本\freertos_sim\windos_vs\freertos_sim\debug\pthread.obj
f:\user_lcj\github\my_workspace\lua_thread_win - 副本\freertos_sim\windos_vs\freertos_sim\debug\self.obj
f:\user_lcj\github\my_workspace\lua_thread_win - 副本\freertos_sim\windos_vs\freertos_sim\debug\list_sys.obj
f:\user_lcj\github\my_workspace\lua_thread_win - 副本\freertos_sim\windos_vs\freertos_sim\debug\mutex_sys.obj
f:\user_lcj\github\my_workspace\lua_thread_win - 副本\freertos_sim\windos_vs\freertos_sim\debug\panic_sys.obj
f:\user_lcj\github\my_workspace\lua_thread_win - 副本\freertos_sim\windos_vs\freertos_sim\debug\status.obj
f:\user_lcj\github\my_workspace\lua_thread_win - 副本\freertos_sim\windos_vs\freertos_sim\debug\usleep.obj
f:\user_lcj\github\my_workspace\lua_thread_win - 副本\freertos_sim\windos_vs\freertos_sim\debug\lfunc.obj
f:\user_lcj\github\my_workspace\lua_thread_win - 副本\freertos_sim\windos_vs\freertos_sim\debug\lgc.obj
f:\user_lcj\github\my_workspace\lua_thread_win - 副本\freertos_sim\windos_vs\freertos_sim\debug\linit.obj
f:\user_lcj\github\my_workspace\lua_thread_win - 副本\freertos_sim\windos_vs\freertos_sim\debug\liolib.obj
f:\user_lcj\github\my_workspace\lua_thread_win - 副本\freertos_sim\windos_vs\freertos_sim\debug\llex.obj
f:\user_lcj\github\my_workspace\lua_thread_win - 副本\freertos_sim\windos_vs\freertos_sim\debug\lmathlib.obj
f:\user_lcj\github\my_workspace\lua_thread_win - 副本\freertos_sim\windos_vs\freertos_sim\debug\lmem.obj
f:\user_lcj\github\my_workspace\lua_thread_win - 副本\freertos_sim\windos_vs\freertos_sim\debug\loadlib.obj
f:\user_lcj\github\my_workspace\lua_thread_win - 副本\freertos_sim\windos_vs\freertos_sim\debug\lobject.obj
f:\user_lcj\github\my_workspace\lua_thread_win - 副本\freertos_sim\windos_vs\freertos_sim\debug\lopcodes.obj
f:\user_lcj\github\my_workspace\lua_thread_win - 副本\freertos_sim\windos_vs\freertos_sim\debug\loslib.obj
f:\user_lcj\github\my_workspace\lua_thread_win - 副本\freertos_sim\windos_vs\freertos_sim\debug\lparser.obj
f:\user_lcj\github\my_workspace\lua_thread_win - 副本\freertos_sim\windos_vs\freertos_sim\debug\lstate.obj
f:\user_lcj\github\my_workspace\lua_thread_win - 副本\freertos_sim\windos_vs\freertos_sim\debug\lstring.obj
f:\user_lcj\github\my_workspace\lua_thread_win - 副本\freertos_sim\windos_vs\freertos_sim\debug\lstrlib.obj
f:\user_lcj\github\my_workspace\lua_thread_win - 副本\freertos_sim\windos_vs\freertos_sim\debug\ltable.obj
f:\user_lcj\github\my_workspace\lua_thread_win - 副本\freertos_sim\windos_vs\freertos_sim\debug\ltablib.obj
f:\user_lcj\github\my_workspace\lua_thread_win - 副本\freertos_sim\windos_vs\freertos_sim\debug\ltm.obj
f:\user_lcj\github\my_workspace\lua_thread_win - 副本\freertos_sim\windos_vs\freertos_sim\debug\lundump.obj
f:\user_lcj\github\my_workspace\lua_thread_win - 副本\freertos_sim\windos_vs\freertos_sim\debug\lutf8lib.obj
f:\user_lcj\github\my_workspace\lua_thread_win - 副本\freertos_sim\windos_vs\freertos_sim\debug\run-time-stats-utils.obj
f:\user_lcj\github\my_workspace\lua_thread_win - 副本\freertos_sim\windos_vs\freertos_sim\debug\croutine.obj
f:\user_lcj\github\my_workspace\lua_thread_win - 副本\freertos_sim\windos_vs\freertos_sim\debug\event_groups.obj
f:\user_lcj\github\my_workspace\lua_thread_win - 副本\freertos_sim\windos_vs\freertos_sim\debug\list.obj
f:\user_lcj\github\my_workspace\lua_thread_win - 副本\freertos_sim\windos_vs\freertos_sim\debug\heap_4.obj
f:\user_lcj\github\my_workspace\lua_thread_win - 副本\freertos_sim\windos_vs\freertos_sim\debug\port.obj
f:\user_lcj\github\my_workspace\lua_thread_win - 副本\freertos_sim\windos_vs\freertos_sim\debug\queue.obj
f:\user_lcj\github\my_workspace\lua_thread_win - 副本\freertos_sim\windos_vs\freertos_sim\debug\tasks.obj
f:\user_lcj\github\my_workspace\lua_thread_win - 副本\freertos_sim\windos_vs\freertos_sim\debug\timers.obj
f:\user_lcj\github\my_workspace\lua_thread_win - 副本\freertos_sim\windos_vs\freertos_sim\debug\lapi.obj
f:\user_lcj\github\my_workspace\lua_thread_win - 副本\freertos_sim\windos_vs\freertos_sim\debug\lauxlib.obj
f:\user_lcj\github\my_workspace\lua_thread_win - 副本\freertos_sim\windos_vs\freertos_sim\debug\lbaselib.obj
f:\user_lcj\github\my_workspace\lua_thread_win - 副本\freertos_sim\windos_vs\freertos_sim\debug\lbitlib.obj
f:\user_lcj\github\my_workspace\lua_thread_win - 副本\freertos_sim\windos_vs\freertos_sim\debug\lcode.obj
f:\user_lcj\github\my_workspace\lua_thread_win - 副本\freertos_sim\windos_vs\freertos_sim\debug\lcorolib.obj
f:\user_lcj\github\my_workspace\lua_thread_win - 副本\freertos_sim\windos_vs\freertos_sim\debug\lctype.obj
f:\user_lcj\github\my_workspace\lua_thread_win - 副本\freertos_sim\windos_vs\freertos_sim\debug\ldblib.obj
f:\user_lcj\github\my_workspace\lua_thread_win - 副本\freertos_sim\windos_vs\freertos_sim\debug\ldebug.obj
f:\user_lcj\github\my_workspace\lua_thread_win - 副本\freertos_sim\windos_vs\freertos_sim\debug\ldo.obj
f:\user_lcj\github\my_workspace\lua_thread_win - 副本\freertos_sim\windos_vs\freertos_sim\debug\ldump.obj
f:\user_lcj\github\my_workspace\lua_thread_win - 副本\freertos_sim\windos_vs\freertos_sim\debug\blockq.obj
f:\user_lcj\github\my_workspace\lua_thread_win - 副本\freertos_sim\windos_vs\freertos_sim\debug\blocktim.obj
f:\user_lcj\github\my_workspace\lua_thread_win - 副本\freertos_sim\windos_vs\freertos_sim\debug\countsem.obj
f:\user_lcj\github\my_workspace\lua_thread_win - 副本\freertos_sim\windos_vs\freertos_sim\debug\death.obj
f:\user_lcj\github\my_workspace\lua_thread_win - 副本\freertos_sim\windos_vs\freertos_sim\debug\dynamic.obj
f:\user_lcj\github\my_workspace\lua_thread_win - 副本\freertos_sim\windos_vs\freertos_sim\debug\eventgroupsdemo.obj
f:\user_lcj\github\my_workspace\lua_thread_win - 副本\freertos_sim\windos_vs\freertos_sim\debug\flop.obj
f:\user_lcj\github\my_workspace\lua_thread_win - 副本\freertos_sim\windos_vs\freertos_sim\debug\genqtest.obj
f:\user_lcj\github\my_workspace\lua_thread_win - 副本\freertos_sim\windos_vs\freertos_sim\debug\integer.obj
f:\user_lcj\github\my_workspace\lua_thread_win - 副本\freertos_sim\windos_vs\freertos_sim\debug\intsemtest.obj
f:\user_lcj\github\my_workspace\lua_thread_win - 副本\freertos_sim\windos_vs\freertos_sim\debug\pollq.obj
f:\user_lcj\github\my_workspace\lua_thread_win - 副本\freertos_sim\windos_vs\freertos_sim\debug\qpeek.obj
f:\user_lcj\github\my_workspace\lua_thread_win - 副本\freertos_sim\windos_vs\freertos_sim\debug\queueoverwrite.obj
f:\user_lcj\github\my_workspace\lua_thread_win - 副本\freertos_sim\windos_vs\freertos_sim\debug\queueset.obj
f:\user_lcj\github\my_workspace\lua_thread_win - 副本\freertos_sim\windos_vs\freertos_sim\debug\queuesetpolling.obj
f:\user_lcj\github\my_workspace\lua_thread_win - 副本\freertos_sim\windos_vs\freertos_sim\debug\recmutex.obj
f:\user_lcj\github\my_workspace\lua_thread_win - 副本\freertos_sim\windos_vs\freertos_sim\debug\semtest.obj
f:\user_lcj\github\my_workspace\lua_thread_win - 副本\freertos_sim\windos_vs\freertos_sim\debug\tasknotify.obj
f:\user_lcj\github\my_workspace\lua_thread_win - 副本\freertos_sim\windos_vs\freertos_sim\debug\timerdemo.obj
f:\user_lcj\github\my_workspace\lua_thread_win - 副本\freertos_sim\windos_vs\freertos_sim\debug\main.obj
f:\user_lcj\github\my_workspace\lua_thread_win - 副本\freertos_sim\windos_vs\freertos_sim\debug\abortdelay.obj
f:\user_lcj\github\my_workspace\lua_thread_win - 副本\freertos_sim\windos_vs\debug\freertos_sim.ilk
f:\user_lcj\github\my_workspace\lua_thread_win - 副本\freertos_sim\windos_vs\debug\freertos_sim.exe
f:\user_lcj\github\my_workspace\lua_thread_win - 副本\freertos_sim\windos_vs\debug\freertos_sim.pdb
f:\user_lcj\github\my_workspace\lua_thread_win - 副本\freertos_sim\windos_vs\freertos_sim\debug\freertos_sim.tlog\cl.command.1.tlog
f:\user_lcj\github\my_workspace\lua_thread_win - 副本\freertos_sim\windos_vs\freertos_sim\debug\freertos_sim.tlog\cl.read.1.tlog
f:\user_lcj\github\my_workspace\lua_thread_win - 副本\freertos_sim\windos_vs\freertos_sim\debug\freertos_sim.tlog\cl.write.1.tlog
f:\user_lcj\github\my_workspace\lua_thread_win - 副本\freertos_sim\windos_vs\freertos_sim\debug\freertos_sim.tlog\link.command.1.tlog
f:\user_lcj\github\my_workspace\lua_thread_win - 副本\freertos_sim\windos_vs\freertos_sim\debug\freertos_sim.tlog\link.read.1.tlog
f:\user_lcj\github\my_workspace\lua_thread_win - 副本\freertos_sim\windos_vs\freertos_sim\debug\freertos_sim.tlog\link.write.1.tlog
